<?xml version="1.0" encoding="UTF-8"?>
<!-- Generated by org.testng.reporters.JUnitReportReporter -->
<testsuite hostname="DESKTOP-68OQ1K7" failures="0" tests="1" name="com.CRM.Vtiger.TestCases1.OrgAssignmentTest1" time="214.480" errors="0" timestamp="2022-05-01T23:56:26 IST" skipped="0">
  <testcase classname="com.CRM.Vtiger.TestCases1.OrgAssignmentTest1" name="CreateOrg" time="214.480"/>
  <system-out/>
</testsuite> <!-- com.CRM.Vtiger.TestCases1.OrgAssignmentTest1 -->
