<?xml version="1.0" encoding="UTF-8"?>
<!-- Generated by org.testng.reporters.JUnitReportReporter -->
<testsuite hostname="DESKTOP-68OQ1K7" failures="0" tests="1" name="com.VTiger.Practice1.HardAssertionsPractice" time="44.102" errors="0" timestamp="2022-05-05T11:58:21 IST" skipped="0">
  <testcase classname="com.VTiger.Practice1.HardAssertionsPractice" name="hardassets" time="44.102"/>
  <system-out/>
</testsuite> <!-- com.VTiger.Practice1.HardAssertionsPractice -->
