<?xml version="1.0" encoding="UTF-8"?>
<!-- Generated by org.testng.reporters.JUnitReportReporter -->
<testsuite hostname="DESKTOP-68OQ1K7" failures="0" tests="1" name="com.VTiger.Practice1.ScreenshotPractice" time="14.484" errors="0" timestamp="2022-05-05T12:38:16 IST" skipped="0">
  <testcase classname="com.VTiger.Practice1.ScreenshotPractice" name="Screenshot" time="14.484"/>
  <system-out/>
</testsuite> <!-- com.VTiger.Practice1.ScreenshotPractice -->
