<?xml version="1.0" encoding="UTF-8"?>
<!-- Generated by org.testng.reporters.JUnitReportReporter -->
<testsuite hostname="DESKTOP-68OQ1K7" failures="0" tests="1" name="com.CRM.Vtiger.TestCases1.OrgAssignmentTest2" time="95.771" errors="0" timestamp="2022-05-03T16:24:34 IST" skipped="0">
  <testcase classname="com.CRM.Vtiger.TestCases1.OrgAssignmentTest2" name="AssignmentTestCase" time="95.771"/>
  <system-out/>
</testsuite> <!-- com.CRM.Vtiger.TestCases1.OrgAssignmentTest2 -->
