<?xml version="1.0" encoding="UTF-8"?>
<!-- Generated by org.testng.reporters.JUnitReportReporter -->
<testsuite hostname="DESKTOP-68OQ1K7" failures="0" tests="1" name="com.VTiger.Practice1.CreateContact_TC03" time="123.750" errors="0" timestamp="2022-05-05T10:40:44 IST" skipped="0">
  <testcase classname="com.VTiger.Practice1.CreateContact_TC03" name="createContactTest" time="123.750"/>
  <system-out/>
</testsuite> <!-- com.VTiger.Practice1.CreateContact_TC03 -->
