<?xml version="1.0" encoding="UTF-8"?>
<!-- Generated by org.testng.reporters.JUnitReportReporter -->
<testsuite hostname="DESKTOP-68OQ1K7" failures="0" tests="1" name="blueStone.Scenario5" time="62.316" errors="0" timestamp="2022-05-12T21:45:49 IST" skipped="0">
  <testcase classname="blueStone.Scenario5" name="bluestone" time="62.316"/>
  <system-out/>
</testsuite> <!-- blueStone.Scenario5 -->
