<?xml version="1.0" encoding="UTF-8"?>
<!-- Generated by org.testng.reporters.JUnitReportReporter -->
<testsuite hostname="DESKTOP-68OQ1K7" failures="0" tests="1" name="com.VTiger.Practice1.OrgCreate_POM_TC1" time="96.918" errors="0" timestamp="2022-05-03T15:10:52 IST" skipped="0">
  <testcase classname="com.VTiger.Practice1.OrgCreate_POM_TC1" name="createOrgTask" time="96.918"/>
  <system-out/>
</testsuite> <!-- com.VTiger.Practice1.OrgCreate_POM_TC1 -->
