<?xml version="1.0" encoding="UTF-8"?>
<!-- Generated by org.testng.reporters.JUnitReportReporter -->
<testsuite hostname="DESKTOP-68OQ1K7" failures="0" tests="1" name="blueStone.Scenario8" time="113.680" errors="0" timestamp="2022-05-12T14:37:31 IST" skipped="0">
  <testcase classname="blueStone.Scenario8" name="BlueStone" time="113.680"/>
  <system-out/>
</testsuite> <!-- blueStone.Scenario8 -->
